<?xml version="1.0" encoding="UTF-8"?>
<testng-results ignored="0" total="1" passed="1" failed="0" skipped="0">
  <reporter-output>
  </reporter-output>
  <suite started-at="2024-12-03T22:24:28 IST" name="Default suite" finished-at="2024-12-03T22:25:39 IST" duration-ms="70779">
    <groups>
    </groups>
    <test started-at="2024-12-03T22:24:28 IST" name="Default test" finished-at="2024-12-03T22:25:39 IST" duration-ms="70779">
      <class name="VTigerTestCases.Organization">
        <test-method is-config="true" signature="beforeSuite()[pri:0, instance:VTigerTestCases.Organization@1165b38]" started-at="2024-12-03T22:24:28 IST" name="beforeSuite" finished-at="2024-12-03T22:24:28 IST" duration-ms="17" status="PASS">
          <reporter-output>
          </reporter-output>
        </test-method> <!-- beforeSuite -->
        <test-method is-config="true" signature="beforeTest()[pri:0, instance:VTigerTestCases.Organization@1165b38]" started-at="2024-12-03T22:24:28 IST" name="beforeTest" finished-at="2024-12-03T22:24:29 IST" duration-ms="7" status="PASS">
          <reporter-output>
          </reporter-output>
        </test-method> <!-- beforeTest -->
        <test-method is-config="true" signature="preCondition()[pri:0, instance:VTigerTestCases.Organization@1165b38]" started-at="2024-12-03T22:24:29 IST" name="preCondition" finished-at="2024-12-03T22:24:34 IST" duration-ms="5774" status="PASS">
          <reporter-output>
          </reporter-output>
        </test-method> <!-- preCondition -->
        <test-method is-config="true" signature="login()[pri:0, instance:VTigerTestCases.Organization@1165b38]" started-at="2024-12-03T22:24:34 IST" name="login" finished-at="2024-12-03T22:24:46 IST" duration-ms="11326" status="PASS">
          <reporter-output>
          </reporter-output>
        </test-method> <!-- login -->
        <test-method signature="main()[pri:0, instance:VTigerTestCases.Organization@1165b38]" started-at="2024-12-03T22:24:46 IST" name="main" finished-at="2024-12-03T22:25:32 IST" duration-ms="46669" status="PASS">
          <reporter-output>
          </reporter-output>
        </test-method> <!-- main -->
        <test-method is-config="true" signature="logout()[pri:0, instance:VTigerTestCases.Organization@1165b38]" started-at="2024-12-03T22:25:32 IST" name="logout" finished-at="2024-12-03T22:25:36 IST" duration-ms="3376" status="PASS">
          <reporter-output>
          </reporter-output>
        </test-method> <!-- logout -->
        <test-method is-config="true" signature="postCondition()[pri:0, instance:VTigerTestCases.Organization@1165b38]" started-at="2024-12-03T22:25:36 IST" name="postCondition" finished-at="2024-12-03T22:25:39 IST" duration-ms="3541" status="PASS">
          <reporter-output>
          </reporter-output>
        </test-method> <!-- postCondition -->
        <test-method is-config="true" signature="afterTest()[pri:0, instance:VTigerTestCases.Organization@1165b38]" started-at="2024-12-03T22:25:39 IST" name="afterTest" finished-at="2024-12-03T22:25:39 IST" duration-ms="0" status="PASS">
          <reporter-output>
          </reporter-output>
        </test-method> <!-- afterTest -->
        <test-method is-config="true" signature="afterSuite()[pri:0, instance:VTigerTestCases.Organization@1165b38]" started-at="2024-12-03T22:25:39 IST" name="afterSuite" finished-at="2024-12-03T22:25:39 IST" duration-ms="0" status="PASS">
          <reporter-output>
          </reporter-output>
        </test-method> <!-- afterSuite -->
      </class> <!-- VTigerTestCases.Organization -->
    </test> <!-- Default test -->
  </suite> <!-- Default suite -->
</testng-results>
